mode: set
github.com/nemowen/htime/models/user.go:44.44,47.16 2 0
github.com/nemowen/htime/models/user.go:52.2,52.12 1 0
github.com/nemowen/htime/models/user.go:47.16,49.3 1 0
github.com/nemowen/htime/models/user.go:49.3,49.15 1 0
github.com/nemowen/htime/models/user.go:49.15,51.3 1 0
github.com/nemowen/htime/models/user.go:56.57,57.24 1 0
github.com/nemowen/htime/models/user.go:61.2,62.16 2 0
github.com/nemowen/htime/models/user.go:67.2,67.12 1 0
github.com/nemowen/htime/models/user.go:57.24,59.3 1 0
github.com/nemowen/htime/models/user.go:62.16,64.3 1 0
github.com/nemowen/htime/models/user.go:64.3,64.15 1 0
github.com/nemowen/htime/models/user.go:64.15,66.3 1 0
github.com/nemowen/htime/models/user.go:71.51,72.21 1 0
github.com/nemowen/htime/models/user.go:76.2,77.16 2 0
github.com/nemowen/htime/models/user.go:82.2,82.12 1 0
github.com/nemowen/htime/models/user.go:72.21,74.3 1 0
github.com/nemowen/htime/models/user.go:77.16,79.3 1 0
github.com/nemowen/htime/models/user.go:79.3,79.15 1 0
github.com/nemowen/htime/models/user.go:79.15,81.3 1 0
github.com/nemowen/htime/models/user.go:86.44,87.26 1 1
github.com/nemowen/htime/models/user.go:90.2,90.19 1 1
github.com/nemowen/htime/models/user.go:87.26,89.3 1 0
github.com/nemowen/htime/models/user.go:94.33,95.14 1 1
github.com/nemowen/htime/models/user.go:98.2,100.16 3 1
github.com/nemowen/htime/models/user.go:105.2,106.12 2 0
github.com/nemowen/htime/models/user.go:95.14,97.3 1 0
github.com/nemowen/htime/models/user.go:100.16,102.3 1 0
github.com/nemowen/htime/models/user.go:102.3,102.14 1 1
github.com/nemowen/htime/models/user.go:102.14,104.3 1 1
github.com/nemowen/htime/models/user.go:110.35,111.14 1 0
github.com/nemowen/htime/models/user.go:114.2,116.16 3 0
github.com/nemowen/htime/models/user.go:121.2,122.12 2 0
github.com/nemowen/htime/models/user.go:111.14,113.3 1 0
github.com/nemowen/htime/models/user.go:116.16,118.3 1 0
github.com/nemowen/htime/models/user.go:118.3,118.15 1 0
github.com/nemowen/htime/models/user.go:118.15,120.3 1 0
github.com/nemowen/htime/models/user.go:125.46,128.2 2 0
github.com/nemowen/htime/models/user.go:130.50,133.2 2 0
github.com/nemowen/htime/models/user.go:135.26,136.23 1 1
github.com/nemowen/htime/models/user.go:139.2,139.24 1 1
github.com/nemowen/htime/models/user.go:142.2,142.27 1 1
github.com/nemowen/htime/models/user.go:136.23,138.3 1 0
github.com/nemowen/htime/models/user.go:139.24,141.3 1 0
github.com/nemowen/htime/models/user.go:142.27,144.3 1 0
github.com/nemowen/htime/models/category.go:36.33,37.23 1 1
github.com/nemowen/htime/models/category.go:40.2,41.12 2 1
github.com/nemowen/htime/models/category.go:37.23,39.3 1 0
github.com/nemowen/htime/models/category.go:44.35,46.16 2 0
github.com/nemowen/htime/models/category.go:51.2,52.12 2 0
github.com/nemowen/htime/models/category.go:46.16,48.3 1 0
github.com/nemowen/htime/models/category.go:48.3,48.15 1 0
github.com/nemowen/htime/models/category.go:48.15,50.3 1 0
github.com/nemowen/htime/models/category.go:55.35,56.23 1 0
github.com/nemowen/htime/models/category.go:59.2,60.12 2 0
github.com/nemowen/htime/models/category.go:56.23,58.3 1 0
github.com/nemowen/htime/models/models.go:31.13,33.2 1 1
github.com/nemowen/htime/models/models.go:35.27,54.16 9 1
github.com/nemowen/htime/models/models.go:60.2,70.16 6 1
github.com/nemowen/htime/models/models.go:75.2,75.12 1 1
github.com/nemowen/htime/models/models.go:54.16,57.3 2 0
github.com/nemowen/htime/models/models.go:70.16,73.3 2 0
github.com/nemowen/htime/models/topic.go:44.27,45.24 1 1
github.com/nemowen/htime/models/topic.go:48.2,48.25 1 1
github.com/nemowen/htime/models/topic.go:51.2,51.24 1 1
github.com/nemowen/htime/models/topic.go:54.2,54.29 1 1
github.com/nemowen/htime/models/topic.go:45.24,47.3 1 0
github.com/nemowen/htime/models/topic.go:48.25,50.3 1 0
github.com/nemowen/htime/models/topic.go:51.24,53.3 1 0
github.com/nemowen/htime/models/topic.go:54.29,56.3 1 0
github.com/nemowen/htime/models/topic.go:60.30,61.14 1 1
github.com/nemowen/htime/models/topic.go:64.2,66.12 3 1
github.com/nemowen/htime/models/topic.go:61.14,63.3 1 0
github.com/nemowen/htime/models/topic.go:70.44,72.16 2 0
github.com/nemowen/htime/models/topic.go:75.2,76.12 2 0
github.com/nemowen/htime/models/topic.go:72.16,74.3 1 0
github.com/nemowen/htime/models/topic.go:80.32,81.15 1 0
github.com/nemowen/htime/models/topic.go:84.2,85.16 2 0
github.com/nemowen/htime/models/topic.go:88.2,90.12 3 0
github.com/nemowen/htime/models/topic.go:81.15,83.3 1 0
github.com/nemowen/htime/models/topic.go:85.16,87.3 1 0
github.com/nemowen/htime/models/topic.go:94.46,97.16 2 1
github.com/nemowen/htime/models/topic.go:102.2,102.12 1 1
github.com/nemowen/htime/models/topic.go:97.16,99.3 1 0
github.com/nemowen/htime/models/topic.go:99.3,99.15 1 1
github.com/nemowen/htime/models/topic.go:99.15,101.3 1 0
github.com/nemowen/htime/models/topic.go:106.67,107.15 1 1
github.com/nemowen/htime/models/topic.go:110.2,110.15 1 1
github.com/nemowen/htime/models/topic.go:113.2,116.20 4 1
github.com/nemowen/htime/models/topic.go:107.15,109.3 1 0
github.com/nemowen/htime/models/topic.go:110.15,112.3 1 0
